<?xml version="1.0" encoding="UTF-8"?>
<testsuite xmlns:xsi="http://www.w3.org/2001/XMLSchema-instance" xsi:noNamespaceSchemaLocation="https://maven.apache.org/surefire/maven-surefire-plugin/xsd/surefire-test-report-3.0.xsd" version="3.0" name="ch1.TestMoteur" time="0.094" tests="3" errors="0" skipped="0" failures="1">
  <properties>
[...]
</properties>
  <testcase name="testAccelerer" classname="ch1.TestMoteur" time="0.038"/>
  <testcase name="testAccelererEtDecelerer" classname="ch1.TestMoteur" time="0.013">
    <failure message="Unexpected exception thrown: java.lang.RuntimeException: vitesse trop haute" type="org.opentest4j.AssertionFailedError"><![CDATA[org.opentest4j.AssertionFailedError: Unexpected exception thrown: java.lang.RuntimeException: vitesse trop haute
	at org.junit.jupiter.api.AssertionFailureBuilder.build(AssertionFailureBuilder.java:152)
	at org.junit.jupiter.api.AssertDoesNotThrow.createAssertionFailedError(AssertDoesNotThrow.java:84)
	at org.junit.jupiter.api.AssertDoesNotThrow.assertDoesNotThrow(AssertDoesNotThrow.java:53)
	at org.junit.jupiter.api.AssertDoesNotThrow.assertDoesNotThrow(AssertDoesNotThrow.java:36)
	at org.junit.jupiter.api.Assertions.assertDoesNotThrow(Assertions.java:3164)
	at ch1.TestMoteur.testAccelererEtDecelerer(TestMoteur.java:37)
	at java.base/java.lang.reflect.Method.invoke(Method.java:568)
	at java.base/java.util.ArrayList.forEach(ArrayList.java:1511)
	at java.base/java.util.ArrayList.forEach(ArrayList.java:1511)
Caused by: java.lang.RuntimeException: vitesse trop haute
	at ch1.Moteur.accelerer(Moteur.java:11)
	at ch1.TestMoteur.lambda$2(TestMoteur.java:37)
	at org.junit.jupiter.api.AssertDoesNotThrow.assertDoesNotThrow(AssertDoesNotThrow.java:49)
	... 6 more
]]></failure>
  </testcase>
  <testcase name="testDecelerer" classname="ch1.TestMoteur" time="0.003"/>
</testsuite>